#
# There is insufficient memory for the Java Runtime Environment to continue.
# Native memory allocation (malloc) failed to allocate 32744 bytes for ChunkPool::allocate
# Possible reasons:
#   The system is out of physical RAM or swap space
#   The process is running with CompressedOops enabled, and the Java Heap may be blocking the growth of the native heap
# Possible solutions:
#   Reduce memory load on the system
#   Increase physical memory or swap space
#   Check if swap backing store is full
#   Decrease Java heap size (-Xmx/-Xms)
#   Decrease number of Java threads
#   Decrease Java thread stack sizes (-Xss)
#   Set larger code cache with -XX:ReservedCodeCacheSize=
#   JVM is running with Unscaled Compressed Oops mode in which the Java heap is
#     placed in the first 4GB address space. The Java Heap base address is the
#     maximum limit for the native heap growth. Please use -XX:HeapBaseMinAddress
#     to set the Java Heap base and to place the Java Heap above 4GB virtual address.
# This output file may be truncated or incomplete.
#
#  Out of Memory Error (allocation.cpp:272), pid=20416, tid=0x0000000000004e64
#
# JRE version: OpenJDK Runtime Environment (8.0) (build 1.8.0-25-microsoft-b00)
# Java VM: OpenJDK 64-Bit Server VM (25.71-b00 mixed mode windows-amd64 compressed oops)
# Failed to write core dump. Minidumps are not enabled by default on client versions of Windows
#

---------------  T H R E A D  ---------------

Current thread (0x0000000014d02000):  JavaThread "C2 CompilerThread1" daemon [_thread_in_native, id=20068, stack(0x0000000016450000,0x0000000016550000)]

Stack: [0x0000000016450000,0x0000000016550000]
[error occurred during error reporting (printing stack bounds), id 0xc0000005]

Native frames: (J=compiled Java code, j=interpreted, Vv=VM code, C=native code)


Current CompileTask:
C2:   2981 1221       4       com.android.tools.r8.t.a.a.f::a (4166 bytes)


---------------  P R O C E S S  ---------------

Java Threads: ( => current thread )
  0x0000000016e84800 JavaThread "ForkJoinPool-1-worker-0" daemon [_thread_blocked, id=8544, stack(0x0000000018520000,0x0000000018620000)]
  0x0000000016e81800 JavaThread "ForkJoinPool-1-worker-1" daemon [_thread_blocked, id=6268, stack(0x0000000018420000,0x0000000018520000)]
  0x0000000014d5d000 JavaThread "Service Thread" daemon [_thread_blocked, id=18028, stack(0x0000000016a50000,0x0000000016b50000)]
  0x0000000014d15000 JavaThread "C1 CompilerThread2" daemon [_thread_blocked, id=6480, stack(0x0000000016550000,0x0000000016650000)]
=>0x0000000014d02000 JavaThread "C2 CompilerThread1" daemon [_thread_in_native, id=20068, stack(0x0000000016450000,0x0000000016550000)]
  0x0000000014cff000 JavaThread "C2 CompilerThread0" daemon [_thread_blocked, id=14088, stack(0x0000000016350000,0x0000000016450000)]
  0x0000000014cfd800 JavaThread "Attach Listener" daemon [_thread_blocked, id=1652, stack(0x0000000016250000,0x0000000016350000)]
  0x0000000014cfc000 JavaThread "Signal Dispatcher" daemon [_thread_blocked, id=15404, stack(0x0000000016150000,0x0000000016250000)]
  0x000000000262d000 JavaThread "Finalizer" daemon [_thread_blocked, id=18228, stack(0x0000000015f50000,0x0000000016050000)]
  0x0000000014ce9800 JavaThread "Reference Handler" daemon [_thread_blocked, id=19276, stack(0x0000000015e50000,0x0000000015f50000)]
  0x000000000232e800 JavaThread "main" [_thread_blocked, id=13788, stack(0x0000000002430000,0x0000000002530000)]

Other Threads:
  0x0000000014cc6000 VMThread [stack: 0x0000000015d50000,0x0000000015e50000] [id=5900]
  0x0000000014d5e000 WatcherThread [stack: 0x0000000016b50000,0x0000000016c50000] [id=12052]

VM state:not at safepoint (normal execution)

VM Mutex/Monitor currently owned by a thread: None

heap address: 0x00000000c0000000, size: 1024 MB, Compressed Oops mode: 32-bit
Narrow klass base: 0x0000000000000000, Narrow klass shift: 3
Compressed class space size: 1073741824 Address: 0x0000000100000000

Heap:
 PSYoungGen      total 70656K, used 42984K [0x00000000eab00000, 0x00000000ef500000, 0x0000000100000000)
  eden space 65536K, 57% used [0x00000000eab00000,0x00000000ecffb8a8,0x00000000eeb00000)
  from space 5120K, 99% used [0x00000000ef000000,0x00000000ef4fead0,0x00000000ef500000)
  to   space 5120K, 0% used [0x00000000eeb00000,0x00000000eeb00000,0x00000000ef000000)
 ParOldGen       total 86016K, used 31277K [0x00000000c0000000, 0x00000000c5400000, 0x00000000eab00000)
  object space 86016K, 36% used [0x00000000c0000000,0x00000000c1e8b708,0x00000000c5400000)
 Metaspace       used 9463K, capacity 9730K, committed 9984K, reserved 1058816K
  class space    used 1074K, capacity 1179K, committed 1280K, reserved 1048576K

Card table byte_map: [0x00000000119f0000,0x0000000011c00000] byte_map_base: 0x00000000113f0000

Marking Bits: (ParMarkBitMap*) 0x0000000077b98f30
 Begin Bits: [0x0000000012160000, 0x0000000013160000)
 End Bits:   [0x0000000013160000, 0x0000000014160000)

Polling page: 0x00000000005c0000

CodeCache: size=245760Kb used=4884Kb max_used=4891Kb free=240875Kb
 bounds [0x0000000002630000, 0x0000000002b00000, 0x0000000011630000]
 total_blobs=1638 nmethods=1309 adapters=243
 compilation: enabled

Compilation events (10 events):
Event: 2.968 Thread 0x0000000014cff000 1313  s    4       sun.misc.URLClassPath::getNextLoader (88 bytes)
Event: 2.974 Thread 0x0000000014cff000 nmethod 1313 0x0000000002af6050 code [0x0000000002af61a0, 0x0000000002af64c8]
Event: 2.976 Thread 0x0000000014d15000 1315       3       java.lang.invoke.MethodHandle::<init> (35 bytes)
Event: 2.977 Thread 0x0000000014d15000 nmethod 1315 0x0000000002af3c50 code [0x0000000002af3de0, 0x0000000002af41b8]
Event: 2.977 Thread 0x0000000014d15000 1316       3       java.lang.invoke.LambdaForm::prepare (43 bytes)
Event: 2.978 Thread 0x0000000014d15000 nmethod 1316 0x0000000002af3650 code [0x0000000002af37e0, 0x0000000002af3b28]
Event: 2.978 Thread 0x0000000014d15000 1317       3       sun.reflect.ReflectionFactory::copyConstructor (10 bytes)
Event: 2.979 Thread 0x0000000014d15000 nmethod 1317 0x0000000002af2e90 code [0x0000000002af3020, 0x0000000002af33e8]
Event: 2.979 Thread 0x0000000014d15000 1318       3       java.lang.reflect.ReflectAccess::copyConstructor (5 bytes)
Event: 2.979 Thread 0x0000000014d15000 nmethod 1318 0x0000000002af5c10 code [0x0000000002af5d80, 0x0000000002af5f88]

GC Heap History (8 events):
Event: 1.390 GC heap before
{Heap before GC invocations=1 (full 0):
 PSYoungGen      total 37888K, used 32768K [0x00000000eab00000, 0x00000000ed500000, 0x0000000100000000)
  eden space 32768K, 100% used [0x00000000eab00000,0x00000000ecb00000,0x00000000ecb00000)
  from space 5120K, 0% used [0x00000000ed000000,0x00000000ed000000,0x00000000ed500000)
  to   space 5120K, 0% used [0x00000000ecb00000,0x00000000ecb00000,0x00000000ed000000)
 ParOldGen       total 86016K, used 0K [0x00000000c0000000, 0x00000000c5400000, 0x00000000eab00000)
  object space 86016K, 0% used [0x00000000c0000000,0x00000000c0000000,0x00000000c5400000)
 Metaspace       used 7573K, capacity 7740K, committed 7936K, reserved 1056768K
  class space    used 847K, capacity 914K, committed 1024K, reserved 1048576K
Event: 1.396 GC heap after
Heap after GC invocations=1 (full 0):
 PSYoungGen      total 37888K, used 5101K [0x00000000eab00000, 0x00000000ed500000, 0x0000000100000000)
  eden space 32768K, 0% used [0x00000000eab00000,0x00000000eab00000,0x00000000ecb00000)
  from space 5120K, 99% used [0x00000000ecb00000,0x00000000ecffb4b8,0x00000000ed000000)
  to   space 5120K, 0% used [0x00000000ed000000,0x00000000ed000000,0x00000000ed500000)
 ParOldGen       total 86016K, used 1077K [0x00000000c0000000, 0x00000000c5400000, 0x00000000eab00000)
  object space 86016K, 1% used [0x00000000c0000000,0x00000000c010d718,0x00000000c5400000)
 Metaspace       used 7573K, capacity 7740K, committed 7936K, reserved 1056768K
  class space    used 847K, capacity 914K, committed 1024K, reserved 1048576K
}
Event: 1.547 GC heap before
{Heap before GC invocations=2 (full 0):
 PSYoungGen      total 37888K, used 37869K [0x00000000eab00000, 0x00000000ed500000, 0x0000000100000000)
  eden space 32768K, 100% used [0x00000000eab00000,0x00000000ecb00000,0x00000000ecb00000)
  from space 5120K, 99% used [0x00000000ecb00000,0x00000000ecffb4b8,0x00000000ed000000)
  to   space 5120K, 0% used [0x00000000ed000000,0x00000000ed000000,0x00000000ed500000)
 ParOldGen       total 86016K, used 1077K [0x00000000c0000000, 0x00000000c5400000, 0x00000000eab00000)
  object space 86016K, 1% used [0x00000000c0000000,0x00000000c010d718,0x00000000c5400000)
 Metaspace       used 7590K, capacity 7804K, committed 7936K, reserved 1056768K
  class space    used 847K, capacity 914K, committed 1024K, reserved 1048576K
Event: 1.559 GC heap after
Heap after GC invocations=2 (full 0):
 PSYoungGen      total 37888K, used 5094K [0x00000000eab00000, 0x00000000ef500000, 0x0000000100000000)
  eden space 32768K, 0% used [0x00000000eab00000,0x00000000eab00000,0x00000000ecb00000)
  from space 5120K, 99% used [0x00000000ed000000,0x00000000ed4f9958,0x00000000ed500000)
  to   space 5120K, 0% used [0x00000000ecb00000,0x00000000ecb00000,0x00000000ed000000)
 ParOldGen       total 86016K, used 13250K [0x00000000c0000000, 0x00000000c5400000, 0x00000000eab00000)
  object space 86016K, 15% used [0x00000000c0000000,0x00000000c0cf0898,0x00000000c5400000)
 Metaspace       used 7590K, capacity 7804K, committed 7936K, reserved 1056768K
  class space    used 847K, capacity 914K, committed 1024K, reserved 1048576K
}
Event: 2.073 GC heap before
{Heap before GC invocations=3 (full 0):
 PSYoungGen      total 37888K, used 37862K [0x00000000eab00000, 0x00000000ef500000, 0x0000000100000000)
  eden space 32768K, 100% used [0x00000000eab00000,0x00000000ecb00000,0x00000000ecb00000)
  from space 5120K, 99% used [0x00000000ed000000,0x00000000ed4f9958,0x00000000ed500000)
  to   space 5120K, 0% used [0x00000000ecb00000,0x00000000ecb00000,0x00000000ed000000)
 ParOldGen       total 86016K, used 13250K [0x00000000c0000000, 0x00000000c5400000, 0x00000000eab00000)
  object space 86016K, 15% used [0x00000000c0000000,0x00000000c0cf0898,0x00000000c5400000)
 Metaspace       used 8625K, capacity 8878K, committed 9088K, reserved 1056768K
  class space    used 950K, capacity 1069K, committed 1152K, reserved 1048576K
Event: 2.088 GC heap after
Heap after GC invocations=3 (full 0):
 PSYoungGen      total 37888K, used 5092K [0x00000000eab00000, 0x00000000ef500000, 0x0000000100000000)
  eden space 32768K, 0% used [0x00000000eab00000,0x00000000eab00000,0x00000000ecb00000)
  from space 5120K, 99% used [0x00000000ecb00000,0x00000000ecff92d8,0x00000000ed000000)
  to   space 5120K, 0% used [0x00000000ef000000,0x00000000ef000000,0x00000000ef500000)
 ParOldGen       total 86016K, used 23189K [0x00000000c0000000, 0x00000000c5400000, 0x00000000eab00000)
  object space 86016K, 26% used [0x00000000c0000000,0x00000000c16a54a0,0x00000000c5400000)
 Metaspace       used 8625K, capacity 8878K, committed 9088K, reserved 1056768K
  class space    used 950K, capacity 1069K, committed 1152K, reserved 1048576K
}
Event: 2.401 GC heap before
{Heap before GC invocations=4 (full 0):
 PSYoungGen      total 37888K, used 37860K [0x00000000eab00000, 0x00000000ef500000, 0x0000000100000000)
  eden space 32768K, 100% used [0x00000000eab00000,0x00000000ecb00000,0x00000000ecb00000)
  from space 5120K, 99% used [0x00000000ecb00000,0x00000000ecff92d8,0x00000000ed000000)
  to   space 5120K, 0% used [0x00000000ef000000,0x00000000ef000000,0x00000000ef500000)
 ParOldGen       total 86016K, used 23189K [0x00000000c0000000, 0x00000000c5400000, 0x00000000eab00000)
  object space 86016K, 26% used [0x00000000c0000000,0x00000000c16a54a0,0x00000000c5400000)
 Metaspace       used 8654K, capacity 8964K, committed 9088K, reserved 1056768K
  class space    used 952K, capacity 1072K, committed 1152K, reserved 1048576K
Event: 2.421 GC heap after
Heap after GC invocations=4 (full 0):
 PSYoungGen      total 70656K, used 5114K [0x00000000eab00000, 0x00000000ef500000, 0x0000000100000000)
  eden space 65536K, 0% used [0x00000000eab00000,0x00000000eab00000,0x00000000eeb00000)
  from space 5120K, 99% used [0x00000000ef000000,0x00000000ef4fead0,0x00000000ef500000)
  to   space 5120K, 0% used [0x00000000eeb00000,0x00000000eeb00000,0x00000000ef000000)
 ParOldGen       total 86016K, used 31277K [0x00000000c0000000, 0x00000000c5400000, 0x00000000eab00000)
  object space 86016K, 36% used [0x00000000c0000000,0x00000000c1e8b708,0x00000000c5400000)
 Metaspace       used 8654K, capacity 8964K, committed 9088K, reserved 1056768K
  class space    used 952K, capacity 1072K, committed 1152K, reserved 1048576K
}

Deoptimization events (10 events):
Event: 2.034 Thread 0x0000000016e84800 Uncommon trap: reason=unstable_if action=reinterpret pc=0x00000000029f4558 method=com.android.tools.r8.graph.z.<init>(Lcom/android/tools/r8/graph/y;ILjava/lang/String;Ljava/lang/String;Ljava/lang/String;Ljava/lang/Object;)V @ 40
Event: 2.091 Thread 0x0000000016e84800 Uncommon trap: reason=unstable_if action=reinterpret pc=0x00000000029ebd38 method=java.util.concurrent.ConcurrentHashMap.computeIfAbsent(Ljava/lang/Object;Ljava/util/function/Function;)Ljava/lang/Object; @ 234
Event: 2.092 Thread 0x0000000016e84800 Uncommon trap: reason=unstable_if action=reinterpret pc=0x00000000029a9adc method=java.lang.Integer.valueOf(I)Ljava/lang/Integer; @ 3
Event: 2.105 Thread 0x0000000016e81800 Uncommon trap: reason=unstable_if action=reinterpret pc=0x000000000299cd68 method=com.android.tools.r8.t.a.a.f.a(II[C)Ljava/lang/String; @ 32
Event: 2.105 Thread 0x0000000016e81800 Uncommon trap: reason=unstable_if action=reinterpret pc=0x000000000296f6bc method=com.android.tools.r8.graph.DexString.<init>(Ljava/lang/String;)V @ 39
Event: 2.118 Thread 0x0000000016e84800 Uncommon trap: reason=unstable_if action=reinterpret pc=0x0000000002957e00 method=com.android.tools.r8.utils.t.a(I)Z @ 45
Event: 2.135 Thread 0x0000000016e84800 Uncommon trap: reason=unstable_if action=reinterpret pc=0x0000000002999be0 method=com.android.tools.r8.t.a.a.f.a(II[C)Ljava/lang/String; @ 32
Event: 2.136 Thread 0x0000000016e84800 Uncommon trap: reason=unstable_if action=reinterpret pc=0x00000000029713a8 method=com.android.tools.r8.t.a.a.f.a(II[C)Ljava/lang/String; @ 32
Event: 2.214 Thread 0x0000000016e81800 Uncommon trap: reason=unstable_if action=reinterpret pc=0x0000000002a7b394 method=com.android.tools.r8.graph.z.a()V @ 319
Event: 2.438 Thread 0x0000000016e81800 Uncommon trap: reason=unstable_if action=reinterpret pc=0x0000000002a2c5a4 method=java.util.concurrent.ConcurrentHashMap.putVal(Ljava/lang/Object;Ljava/lang/Object;Z)Ljava/lang/Object; @ 195

Classes redefined (0 events):
No events

Internal exceptions (10 events):
Event: 1.307 Thread 0x000000000232e800 Exception <a 'java/security/PrivilegedActionException'> (0x00000000ec48f010) thrown at [D:\j\worksp~1\openjd~3\jdk8u\hotspot\src\share\vm\prims\jvm.cpp, line 1508]
Event: 1.307 Thread 0x000000000232e800 Exception <a 'java/security/PrivilegedActionException'> (0x00000000ec48f220) thrown at [D:\j\worksp~1\openjd~3\jdk8u\hotspot\src\share\vm\prims\jvm.cpp, line 1508]
Event: 1.308 Thread 0x000000000232e800 Exception <a 'java/security/PrivilegedActionException'> (0x00000000ec4934d0) thrown at [D:\j\worksp~1\openjd~3\jdk8u\hotspot\src\share\vm\prims\jvm.cpp, line 1508]
Event: 1.308 Thread 0x000000000232e800 Exception <a 'java/security/PrivilegedActionException'> (0x00000000ec4936e0) thrown at [D:\j\worksp~1\openjd~3\jdk8u\hotspot\src\share\vm\prims\jvm.cpp, line 1508]
Event: 1.308 Thread 0x000000000232e800 Exception <a 'java/security/PrivilegedActionException'> (0x00000000ec494e20) thrown at [D:\j\worksp~1\openjd~3\jdk8u\hotspot\src\share\vm\prims\jvm.cpp, line 1508]
Event: 1.308 Thread 0x000000000232e800 Exception <a 'java/security/PrivilegedActionException'> (0x00000000ec495030) thrown at [D:\j\worksp~1\openjd~3\jdk8u\hotspot\src\share\vm\prims\jvm.cpp, line 1508]
Event: 1.350 Thread 0x000000000232e800 Implicit null exception at 0x0000000002890a65 to 0x00000000028910d1
Event: 1.373 Thread 0x000000000232e800 Implicit null exception at 0x000000000288d6f8 to 0x000000000288dbbd
Event: 1.990 Thread 0x0000000016e81800 Implicit null exception at 0x000000000298e1d6 to 0x000000000298e7c9
Event: 1.990 Thread 0x0000000016e84800 Implicit null exception at 0x0000000002979717 to 0x000000000297991d

Events (10 events):
Event: 2.972 loading class com/android/tools/r8/ir/desugar/Java8MethodRewriter$IntegerMethods
Event: 2.972 loading class com/android/tools/r8/ir/desugar/Java8MethodRewriter$IntegerMethods done
Event: 2.974 loading class com/android/tools/r8/utils/InternalOptions
Event: 2.974 loading class com/android/tools/r8/utils/InternalOptions done
Event: 2.976 loading class com/android/tools/r8/utils/InternalOptions
Event: 2.976 loading class com/android/tools/r8/utils/InternalOptions done
Event: 2.977 loading class com/android/tools/r8/utils/InternalOptions
Event: 2.977 loading class com/android/tools/r8/utils/InternalOptions done
Event: 2.978 loading class com/android/tools/r8/utils/InternalOptions
Event: 2.978 loading class com/android/tools/r8/utils/InternalOptions done


Dynamic libraries:
0x00007ff659630000 - 0x00007ff659665000 	C:\Program Files\Android\Jdk\microsoft_dist_openjdk_1.8.0.25\bin\java.exe
0x00007ff889000000 - 0x00007ff8891f0000 	C:\WINDOWS\SYSTEM32\ntdll.dll
0x00007ff8874f0000 - 0x00007ff8875a2000 	C:\WINDOWS\System32\KERNEL32.DLL
0x00007ff8863c0000 - 0x00007ff886663000 	C:\WINDOWS\System32\KERNELBASE.dll
0x00007ff8875b0000 - 0x00007ff887653000 	C:\WINDOWS\System32\ADVAPI32.dll
0x00007ff887830000 - 0x00007ff8878ce000 	C:\WINDOWS\System32\msvcrt.dll
0x00007ff8872b0000 - 0x00007ff887347000 	C:\WINDOWS\System32\sechost.dll
0x00007ff887350000 - 0x00007ff887470000 	C:\WINDOWS\System32\RPCRT4.dll
0x00007ff8879d0000 - 0x00007ff887b64000 	C:\WINDOWS\System32\USER32.dll
0x00007ff886180000 - 0x00007ff8861a1000 	C:\WINDOWS\System32\win32u.dll
0x00007ff887b70000 - 0x00007ff887b96000 	C:\WINDOWS\System32\GDI32.dll
0x00007ff885f90000 - 0x00007ff886124000 	C:\WINDOWS\System32\gdi32full.dll
0x00007ff886710000 - 0x00007ff8867ae000 	C:\WINDOWS\System32\msvcp_win.dll
0x00007ff886210000 - 0x00007ff88630a000 	C:\WINDOWS\System32\ucrtbase.dll
0x00007ff874760000 - 0x00007ff8749e5000 	C:\WINDOWS\WinSxS\amd64_microsoft.windows.common-controls_6595b64144ccf1df_6.0.18362.778_none_e6c6b761130d4fb8\COMCTL32.dll
0x00007ff887ce0000 - 0x00007ff888016000 	C:\WINDOWS\System32\combase.dll
0x00007ff886670000 - 0x00007ff8866f0000 	C:\WINDOWS\System32\bcryptPrimitives.dll
0x00007ff8886d0000 - 0x00007ff8886fe000 	C:\WINDOWS\System32\IMM32.DLL
0x00000000501f0000 - 0x00000000502c1000 	C:\Program Files\Android\Jdk\microsoft_dist_openjdk_1.8.0.25\jre\bin\msvcr100.dll
0x00000000773d0000 - 0x0000000077c15000 	C:\Program Files\Android\Jdk\microsoft_dist_openjdk_1.8.0.25\jre\bin\server\jvm.dll
0x00007ff888610000 - 0x00007ff888618000 	C:\WINDOWS\System32\PSAPI.DLL
0x00007ff872300000 - 0x00007ff872309000 	C:\WINDOWS\SYSTEM32\WSOCK32.dll
0x00007ff8878e0000 - 0x00007ff88794f000 	C:\WINDOWS\System32\WS2_32.dll
0x00007ff882790000 - 0x00007ff8827b4000 	C:\WINDOWS\SYSTEM32\WINMM.dll
0x00007ff87bac0000 - 0x00007ff87baca000 	C:\WINDOWS\SYSTEM32\VERSION.dll
0x00007ff882760000 - 0x00007ff88278d000 	C:\WINDOWS\SYSTEM32\WINMMBASE.dll
0x00007ff886130000 - 0x00007ff88617a000 	C:\WINDOWS\System32\cfgmgr32.dll
0x00007ff86d120000 - 0x00007ff86d12f000 	C:\Program Files\Android\Jdk\microsoft_dist_openjdk_1.8.0.25\jre\bin\verify.dll
0x00007ff86c570000 - 0x00007ff86c599000 	C:\Program Files\Android\Jdk\microsoft_dist_openjdk_1.8.0.25\jre\bin\java.dll
0x00007ff86ccd0000 - 0x00007ff86cce6000 	C:\Program Files\Android\Jdk\microsoft_dist_openjdk_1.8.0.25\jre\bin\zip.dll
0x00007ff888700000 - 0x00007ff888de5000 	C:\WINDOWS\System32\SHELL32.dll
0x00007ff888080000 - 0x00007ff888129000 	C:\WINDOWS\System32\shcore.dll
0x00007ff8867b0000 - 0x00007ff886f30000 	C:\WINDOWS\System32\windows.storage.dll
0x00007ff885f20000 - 0x00007ff885f43000 	C:\WINDOWS\System32\profapi.dll
0x00007ff885ed0000 - 0x00007ff885f1a000 	C:\WINDOWS\System32\powrprof.dll
0x00007ff885ec0000 - 0x00007ff885ed0000 	C:\WINDOWS\System32\UMPDC.dll
0x00007ff888020000 - 0x00007ff888072000 	C:\WINDOWS\System32\shlwapi.dll
0x00007ff885f70000 - 0x00007ff885f81000 	C:\WINDOWS\System32\kernel.appcore.dll
0x00007ff8866f0000 - 0x00007ff886707000 	C:\WINDOWS\System32\cryptsp.dll
0x00007ff8642e0000 - 0x00007ff8642fa000 	C:\Program Files\Android\jdk\microsoft_dist_openjdk_1.8.0.25\jre\bin\net.dll
0x00007ff8856e0000 - 0x00007ff885747000 	C:\WINDOWS\system32\mswsock.dll
0x00007ff8642c0000 - 0x00007ff8642d1000 	C:\Program Files\Android\jdk\microsoft_dist_openjdk_1.8.0.25\jre\bin\nio.dll

VM Arguments:
jvm_args: -Xmx1G 
java_command: com.android.tools.r8.D8 --debug --min-api 21 --output obj\Debug\90\android\bin --lib C:\Program Files (x86)\Android\android-sdk\platforms\android-28\android.jar obj\Debug\90\android\bin\classes.zip C:\Program Files (x86)\Microsoft Visual Studio\2019\Community\Common7\IDE\ReferenceAssemblies\Microsoft\Framework\MonoAndroid\v9.0\mono.android.jar C:\Program Files (x86)\Microsoft Visual Studio\2019\Community\MSBuild\Xamarin\Android\java_runtime_fastdev.jar obj\Debug\90\lp\0\jl\android.arch.core.common.jar obj\Debug\90\lp\1\jl\bin\classes.jar obj\Debug\90\lp\10\jl\com.android.support.collections.jar obj\Debug\90\lp\11\jl\bin\classes.jar obj\Debug\90\lp\12\jl\bin\classes.jar obj\Debug\90\lp\13\jl\bin\classes.jar obj\Debug\90\lp\14\jl\bin\classes.jar obj\Debug\90\lp\15\jl\bin\classes.jar obj\Debug\90\lp\16\jl\bin\classes.jar obj\Debug\90\lp\17\jl\bin\classes.jar obj\Debug\90\lp\18\jl\bin\classes.jar obj\Debug\90\lp\19\jl\bin\classes.jar obj\Debug\90\lp\2\jl\android.arch.lifecycle.common.jar obj\Debug\90\lp\20\jl\bin\classes.jar obj\Debug\90\lp\21\jl\bin\classes.jar obj\Debug\90\lp\22\jl\bin\classes.jar obj\Debug\90\lp\23\jl\bin\classes.jar obj\Debug\90\lp\24\jl\bin\classes.jar obj\Debug\90\lp\25\jl\bin\classes.jar obj\Debug\90\lp\26\jl\bin\classes.jar obj\Debug\90\lp\27\jl\bin\classes.jar obj\Debug\90\lp\28\jl\bin\classes.jar obj\Debug\90\lp\29\jl\bin\classes.jar obj\Debug\90\lp\3\jl\bin\classes.jar obj\Debug\90\lp\30\jl\bin\classes.jar obj\Debug\90\lp\31\jl\bin\classes.jar obj\Debug\90\lp\32\jl\bin\classes.jar obj\Debug\90\lp\33\jl\bin\classes.jar obj\Debug\90\lp\34\jl\bin\classes.jar obj\Debug\90\lp\4\jl\bin\classes.jar obj\Debug\90\lp\5\jl\bin\classes.jar obj\Debug\90\lp\6\jl\bin\classes.jar obj\Debug\90\lp\7\jl\bin\classes.jar obj\Debug\90\lp\8\jl\com.android.support.support-annotations.jar obj\Debug\90\lp\9\jl\bin\classes.jar
java_class_path (initial): C:\Program Files (x86)\Microsoft Visual Studio\2019\Community\MSBuild\Xamarin\Android\r8.jar
Launcher Type: SUN_STANDARD

Environment Variables:
JAVA_HOME=C:\Program Files\Android\Jdk\microsoft_dist_openjdk_1.8.0.25
PATH=C:\Program Files\Android\Jdk\microsoft_dist_openjdk_1.8.0.25\bin;C:\Program Files\Python38\Scripts\;C:\Program Files\Python38\;C:\Program Files\Microsoft MPI\Bin\;C:\WINDOWS\system32;C:\WINDOWS;C:\WINDOWS\System32\Wbem;C:\WINDOWS\System32\WindowsPowerShell\v1.0\;C:\WINDOWS\System32\OpenSSH\;C:\Program Files\dotnet\;C:\Program Files\Microsoft SQL Server\130\Tools\Binn\;C:\Program Files\Intel\WiFi\bin\;C:\Program Files\Common Files\Intel\WirelessCommon\;C:\Program Files\nodejs\;C:\Program Files\Microsoft SQL Server\Client SDK\ODBC\170\Tools\Binn\;C:\xampp\php;C:\ProgramData\ComposerSetup\bin;C:\Program Files\Git\cmd;C:\Program Files\Python38\Scripts\;C:\Program Files\Python38\;C:\Program Files\Microsoft MPI\Bin\;C:\WINDOWS\system32;C:\WINDOWS;C:\WINDOWS\System32\Wbem;C:\WINDOWS\System32\WindowsPowerShell\v1.0\;C:\WINDOWS\System32\OpenSSH\;C:\Program Files\dotnet\;C:\Program Files\Microsoft SQL Server\130\Tools\Binn\;C:\Program Files\Microsoft SQL Server\Client SDK\ODBC\170\Tools\Binn\;C:\Program Files\Intel\WiFi\bin\;C:\Program Files\Common Files\Intel\WirelessCommon\;C:\Users\ZEUS RENE\AppData\Local\Microsoft\WindowsApps;C:\Users\ZEUS RENE\AppData\Local\Programs\Microsoft VS Code\bin;C:\Users\ZEUS RENE\.dotnet\tools;C:\MinGW\bin;;C:\Users\ZEUS RENE\AppData\Local\Microsoft\WindowsApps;C:\Program Files\Intel\WiFi\bin\;C:\Program Files\Common Files\Intel\WirelessCommon\;C:\mingw-w64\x86_64-8.1.0-win32-seh-rt_v6-rev0\mingw64\bin.;C:\Users\ZEUS RENE\AppData\Roaming\npm;C:\Users\ZEUS RENE\AppData\Roaming\Composer\vendor\bin
USERNAME=ZEUS RENE
OS=Windows_NT
PROCESSOR_IDENTIFIER=Intel64 Family 6 Model 58 Stepping 9, GenuineIntel



---------------  S Y S T E M  ---------------

OS: Windows 10.0 , 64 bit Build 18362 (10.0.18362.778)

CPU:total 4 (initial active 4) (2 cores per cpu, 2 threads per core) family 6 model 58 stepping 9, cmov, cx8, fxsr, mmx, sse, sse2, sse3, ssse3, sse4.1, sse4.2, popcnt, avx, aes, clmul, erms, ht, tsc, tscinvbit, tscinv

Memory: 4k page, physical 8203804k(449152k free), swap 14262168k(2132k free)

vm_info: OpenJDK 64-Bit Server VM (25.71-b00) for windows-amd64 JRE (1.8.0-25-microsoft-b00), built on Feb  7 2019 20:09:14 by "builder" with MS VC++ 10.0 (VS2010)

time: Thu Apr 23 12:49:53 2020
timezone: Central Daylight Time (Mexico)
elapsed time: 2 seconds (0d 0h 0m 2s)

