#
# There is insufficient memory for the Java Runtime Environment to continue.
# Native memory allocation (malloc) failed to allocate 543776 bytes for Chunk::new
# Possible reasons:
#   The system is out of physical RAM or swap space
#   The process is running with CompressedOops enabled, and the Java Heap may be blocking the growth of the native heap
# Possible solutions:
#   Reduce memory load on the system
#   Increase physical memory or swap space
#   Check if swap backing store is full
#   Decrease Java heap size (-Xmx/-Xms)
#   Decrease number of Java threads
#   Decrease Java thread stack sizes (-Xss)
#   Set larger code cache with -XX:ReservedCodeCacheSize=
#   JVM is running with Unscaled Compressed Oops mode in which the Java heap is
#     placed in the first 4GB address space. The Java Heap base address is the
#     maximum limit for the native heap growth. Please use -XX:HeapBaseMinAddress
#     to set the Java Heap base and to place the Java Heap above 4GB virtual address.
# This output file may be truncated or incomplete.
#
#  Out of Memory Error (allocation.cpp:389), pid=9712, tid=0x0000000000002d40
#
# JRE version: OpenJDK Runtime Environment (8.0) (build 1.8.0-25-microsoft-b00)
# Java VM: OpenJDK 64-Bit Server VM (25.71-b00 mixed mode windows-amd64 compressed oops)
# Failed to write core dump. Minidumps are not enabled by default on client versions of Windows
#

---------------  T H R E A D  ---------------

Current thread (0x000000001726d800):  JavaThread "C2 CompilerThread1" daemon [_thread_in_native, id=11584, stack(0x00000000189c0000,0x0000000018ac0000)]

Stack: [0x00000000189c0000,0x0000000018ac0000]
[error occurred during error reporting (printing stack bounds), id 0xc0000005]

Native frames: (J=compiled Java code, j=interpreted, Vv=VM code, C=native code)


Current CompileTask:
C2:   1446  687       4       com.sun.tools.javac.file.ZipFileIndex$ZipDirectory::readEntry (587 bytes)


---------------  P R O C E S S  ---------------

Java Threads: ( => current thread )
  0x0000000018c0a800 JavaThread "Service Thread" daemon [_thread_blocked, id=8352, stack(0x0000000018fc0000,0x00000000190c0000)]
  0x000000001727e800 JavaThread "C1 CompilerThread2" daemon [_thread_in_native, id=8116, stack(0x0000000018ac0000,0x0000000018bc0000)]
=>0x000000001726d800 JavaThread "C2 CompilerThread1" daemon [_thread_in_native, id=11584, stack(0x00000000189c0000,0x0000000018ac0000)]
  0x0000000017269800 JavaThread "C2 CompilerThread0" daemon [_thread_in_native, id=14596, stack(0x00000000188c0000,0x00000000189c0000)]
  0x0000000017268800 JavaThread "Attach Listener" daemon [_thread_blocked, id=11120, stack(0x00000000187c0000,0x00000000188c0000)]
  0x0000000017266000 JavaThread "Signal Dispatcher" daemon [_thread_blocked, id=16772, stack(0x00000000186c0000,0x00000000187c0000)]
  0x000000000275e800 JavaThread "Finalizer" daemon [_thread_blocked, id=12128, stack(0x00000000184c0000,0x00000000185c0000)]
  0x0000000017249000 JavaThread "Reference Handler" daemon [_thread_blocked, id=20340, stack(0x00000000183c0000,0x00000000184c0000)]
  0x0000000002663000 JavaThread "main" [_thread_in_Java, id=364, stack(0x0000000002470000,0x0000000002570000)]

Other Threads:
  0x0000000017228000 VMThread [stack: 0x00000000182c0000,0x00000000183c0000] [id=2580]
  0x0000000018c0f000 WatcherThread [stack: 0x00000000190c0000,0x00000000191c0000] [id=2736]

VM state:not at safepoint (normal execution)

VM Mutex/Monitor currently owned by a thread: None

heap address: 0x0000000082c00000, size: 2004 MB, Compressed Oops mode: 32-bit
Narrow klass base: 0x0000000000000000, Narrow klass shift: 3
Compressed class space size: 1073741824 Address: 0x0000000100000000

Heap:
 PSYoungGen      total 13824K, used 3096K [0x00000000d6400000, 0x00000000d7500000, 0x0000000100000000)
  eden space 11776K, 26% used [0x00000000d6400000,0x00000000d6706048,0x00000000d6f80000)
  from space 2048K, 0% used [0x00000000d7200000,0x00000000d7200000,0x00000000d7400000)
  to   space 2560K, 0% used [0x00000000d6f80000,0x00000000d6f80000,0x00000000d7200000)
 ParOldGen       total 11776K, used 9864K [0x0000000082c00000, 0x0000000083780000, 0x00000000d6400000)
  object space 11776K, 83% used [0x0000000082c00000,0x00000000835a2050,0x0000000083780000)
 Metaspace       used 7536K, capacity 8404K, committed 8704K, reserved 1056768K
  class space    used 872K, capacity 912K, committed 1024K, reserved 1048576K

Card table byte_map: [0x0000000011ba0000,0x0000000011f90000] byte_map_base: 0x000000001178a000

Marking Bits: (ParMarkBitMap*) 0x0000000077b98f30
 Begin Bits: [0x0000000012630000, 0x0000000014580000)
 End Bits:   [0x0000000014580000, 0x00000000164d0000)

Polling page: 0x0000000000740000

CodeCache: size=245760Kb used=3576Kb max_used=3582Kb free=242183Kb
 bounds [0x00000000027e0000, 0x0000000002b70000, 0x00000000117e0000]
 total_blobs=1085 nmethods=797 adapters=202
 compilation: enabled

Compilation events (10 events):
Event: 1.441 Thread 0x000000001727e800  786       3       javax.lang.model.SourceVersion::isIdentifier (71 bytes)
Event: 1.441 Thread 0x0000000017269800  789       4       java.lang.Character::charCount (12 bytes)
Event: 1.442 Thread 0x0000000017269800 nmethod 789 0x0000000002b57750 code [0x0000000002b57880, 0x0000000002b578d8]
Event: 1.442 Thread 0x000000001727e800 nmethod 786 0x0000000002b57d50 code [0x0000000002b57f60, 0x0000000002b58a48]
Event: 1.442 Thread 0x000000001727e800  788       3       com.sun.tools.javac.file.Locations::lazy (72 bytes)
Event: 1.442 Thread 0x000000001727e800 nmethod 788 0x0000000002b5be10 code [0x0000000002b5c000, 0x0000000002b5c858]
Event: 1.442 Thread 0x000000001727e800  787       3       com.sun.tools.javac.file.Locations::getHandler (23 bytes)
Event: 1.442 Thread 0x0000000017269800  792       4       com.sun.tools.javac.util.List::of (12 bytes)
Event: 1.443 Thread 0x000000001727e800 nmethod 787 0x0000000002b5b750 code [0x0000000002b5b8e0, 0x0000000002b5bcd8]
Event: 1.443 Thread 0x000000001727e800  790       3       com.sun.tools.javac.file.JavacFileManager::getLocation (14 bytes)

GC Heap History (10 events):
Event: 0.968 GC heap before
{Heap before GC invocations=6 (full 0):
 PSYoungGen      total 6656K, used 5474K [0x00000000d6400000, 0x00000000d7400000, 0x0000000100000000)
  eden space 6144K, 80% used [0x00000000d6400000,0x00000000d68d8aa8,0x00000000d6a00000)
  from space 512K, 100% used [0x00000000d6a00000,0x00000000d6a80000,0x00000000d6a80000)
  to   space 2048K, 0% used [0x00000000d7200000,0x00000000d7200000,0x00000000d7400000)
 ParOldGen       total 5632K, used 2543K [0x0000000082c00000, 0x0000000083180000, 0x00000000d6400000)
  object space 5632K, 45% used [0x0000000082c00000,0x0000000082e7bf98,0x0000000083180000)
 Metaspace       used 7283K, capacity 8180K, committed 8320K, reserved 1056768K
  class space    used 859K, capacity 880K, committed 896K, reserved 1048576K
Event: 0.971 GC heap after
Heap after GC invocations=6 (full 0):
 PSYoungGen      total 13824K, used 2039K [0x00000000d6400000, 0x00000000d7500000, 0x0000000100000000)
  eden space 11776K, 0% used [0x00000000d6400000,0x00000000d6400000,0x00000000d6f80000)
  from space 2048K, 99% used [0x00000000d7200000,0x00000000d73fdc58,0x00000000d7400000)
  to   space 2560K, 0% used [0x00000000d6f80000,0x00000000d6f80000,0x00000000d7200000)
 ParOldGen       total 5632K, used 2711K [0x0000000082c00000, 0x0000000083180000, 0x00000000d6400000)
  object space 5632K, 48% used [0x0000000082c00000,0x0000000082ea5f98,0x0000000083180000)
 Metaspace       used 7283K, capacity 8180K, committed 8320K, reserved 1056768K
  class space    used 859K, capacity 880K, committed 896K, reserved 1048576K
}
Event: 1.055 GC heap before
{Heap before GC invocations=7 (full 0):
 PSYoungGen      total 13824K, used 10533K [0x00000000d6400000, 0x00000000d7500000, 0x0000000100000000)
  eden space 11776K, 72% used [0x00000000d6400000,0x00000000d6c4b948,0x00000000d6f80000)
  from space 2048K, 99% used [0x00000000d7200000,0x00000000d73fdc58,0x00000000d7400000)
  to   space 2560K, 0% used [0x00000000d6f80000,0x00000000d6f80000,0x00000000d7200000)
 ParOldGen       total 5632K, used 2711K [0x0000000082c00000, 0x0000000083180000, 0x00000000d6400000)
  object space 5632K, 48% used [0x0000000082c00000,0x0000000082ea5f98,0x0000000083180000)
 Metaspace       used 7289K, capacity 8180K, committed 8320K, reserved 1056768K
  class space    used 859K, capacity 880K, committed 896K, reserved 1048576K
Event: 1.065 GC heap after
Heap after GC invocations=7 (full 0):
 PSYoungGen      total 14336K, used 2551K [0x00000000d6400000, 0x00000000d7500000, 0x0000000100000000)
  eden space 11776K, 0% used [0x00000000d6400000,0x00000000d6400000,0x00000000d6f80000)
  from space 2560K, 99% used [0x00000000d6f80000,0x00000000d71fdc38,0x00000000d7200000)
  to   space 2048K, 0% used [0x00000000d7200000,0x00000000d7200000,0x00000000d7400000)
 ParOldGen       total 6656K, used 6062K [0x0000000082c00000, 0x0000000083280000, 0x00000000d6400000)
  object space 6656K, 91% used [0x0000000082c00000,0x00000000831eb818,0x0000000083280000)
 Metaspace       used 7289K, capacity 8180K, committed 8320K, reserved 1056768K
  class space    used 859K, capacity 880K, committed 896K, reserved 1048576K
}
Event: 1.066 GC heap before
{Heap before GC invocations=8 (full 1):
 PSYoungGen      total 14336K, used 2551K [0x00000000d6400000, 0x00000000d7500000, 0x0000000100000000)
  eden space 11776K, 0% used [0x00000000d6400000,0x00000000d6400000,0x00000000d6f80000)
  from space 2560K, 99% used [0x00000000d6f80000,0x00000000d71fdc38,0x00000000d7200000)
  to   space 2048K, 0% used [0x00000000d7200000,0x00000000d7200000,0x00000000d7400000)
 ParOldGen       total 6656K, used 6062K [0x0000000082c00000, 0x0000000083280000, 0x00000000d6400000)
  object space 6656K, 91% used [0x0000000082c00000,0x00000000831eb818,0x0000000083280000)
 Metaspace       used 7289K, capacity 8180K, committed 8320K, reserved 1056768K
  class space    used 859K, capacity 880K, committed 896K, reserved 1048576K
Event: 1.103 GC heap after
Heap after GC invocations=8 (full 1):
 PSYoungGen      total 14336K, used 2535K [0x00000000d6400000, 0x00000000d7500000, 0x0000000100000000)
  eden space 11776K, 0% used [0x00000000d6400000,0x00000000d6400000,0x00000000d6f80000)
  from space 2560K, 99% used [0x00000000d6f80000,0x00000000d71f9c88,0x00000000d7200000)
  to   space 2048K, 0% used [0x00000000d7200000,0x00000000d7200000,0x00000000d7400000)
 ParOldGen       total 10752K, used 5434K [0x0000000082c00000, 0x0000000083680000, 0x00000000d6400000)
  object space 10752K, 50% used [0x0000000082c00000,0x000000008314e930,0x0000000083680000)
 Metaspace       used 7289K, capacity 8180K, committed 8320K, reserved 1056768K
  class space    used 859K, capacity 880K, committed 896K, reserved 1048576K
}
Event: 1.359 GC heap before
{Heap before GC invocations=9 (full 1):
 PSYoungGen      total 14336K, used 14311K [0x00000000d6400000, 0x00000000d7500000, 0x0000000100000000)
  eden space 11776K, 100% used [0x00000000d6400000,0x00000000d6f80000,0x00000000d6f80000)
  from space 2560K, 99% used [0x00000000d6f80000,0x00000000d71f9c88,0x00000000d7200000)
  to   space 2048K, 0% used [0x00000000d7200000,0x00000000d7200000,0x00000000d7400000)
 ParOldGen       total 10752K, used 5434K [0x0000000082c00000, 0x0000000083680000, 0x00000000d6400000)
  object space 10752K, 50% used [0x0000000082c00000,0x000000008314e930,0x0000000083680000)
 Metaspace       used 7466K, capacity 8308K, committed 8576K, reserved 1056768K
  class space    used 867K, capacity 880K, committed 896K, reserved 1048576K
Event: 1.370 GC heap after
Heap after GC invocations=9 (full 1):
 PSYoungGen      total 13824K, used 2041K [0x00000000d6400000, 0x00000000d7500000, 0x0000000100000000)
  eden space 11776K, 0% used [0x00000000d6400000,0x00000000d6400000,0x00000000d6f80000)
  from space 2048K, 99% used [0x00000000d7200000,0x00000000d73fe518,0x00000000d7400000)
  to   space 2560K, 0% used [0x00000000d6f80000,0x00000000d6f80000,0x00000000d7200000)
 ParOldGen       total 11776K, used 11211K [0x0000000082c00000, 0x0000000083780000, 0x00000000d6400000)
  object space 11776K, 95% used [0x0000000082c00000,0x00000000836f2d50,0x0000000083780000)
 Metaspace       used 7466K, capacity 8308K, committed 8576K, reserved 1056768K
  class space    used 867K, capacity 880K, committed 896K, reserved 1048576K
}
Event: 1.370 GC heap before
{Heap before GC invocations=10 (full 2):
 PSYoungGen      total 13824K, used 2041K [0x00000000d6400000, 0x00000000d7500000, 0x0000000100000000)
  eden space 11776K, 0% used [0x00000000d6400000,0x00000000d6400000,0x00000000d6f80000)
  from space 2048K, 99% used [0x00000000d7200000,0x00000000d73fe518,0x00000000d7400000)
  to   space 2560K, 0% used [0x00000000d6f80000,0x00000000d6f80000,0x00000000d7200000)
 ParOldGen       total 11776K, used 11211K [0x0000000082c00000, 0x0000000083780000, 0x00000000d6400000)
  object space 11776K, 95% used [0x0000000082c00000,0x00000000836f2d50,0x0000000083780000)
 Metaspace       used 7466K, capacity 8308K, committed 8576K, reserved 1056768K
  class space    used 867K, capacity 880K, committed 896K, reserved 1048576K
Event: 1.398 GC heap after
Heap after GC invocations=10 (full 2):
 PSYoungGen      total 13824K, used 0K [0x00000000d6400000, 0x00000000d7500000, 0x0000000100000000)
  eden space 11776K, 0% used [0x00000000d6400000,0x00000000d6400000,0x00000000d6f80000)
  from space 2048K, 0% used [0x00000000d7200000,0x00000000d7200000,0x00000000d7400000)
  to   space 2560K, 0% used [0x00000000d6f80000,0x00000000d6f80000,0x00000000d7200000)
 ParOldGen       total 11776K, used 9864K [0x0000000082c00000, 0x0000000083780000, 0x00000000d6400000)
  object space 11776K, 83% used [0x0000000082c00000,0x00000000835a2050,0x0000000083780000)
 Metaspace       used 7466K, capacity 8308K, committed 8576K, reserved 1056768K
  class space    used 867K, capacity 880K, committed 896K, reserved 1048576K
}

Deoptimization events (10 events):
Event: 0.870 Thread 0x0000000002663000 Uncommon trap: reason=unstable_if action=reinterpret pc=0x0000000002a1b7b8 method=com.sun.tools.javac.util.ArrayUtils.ensureCapacity([CI)[C @ 3
Event: 0.891 Thread 0x0000000002663000 Uncommon trap: reason=unstable_if action=reinterpret pc=0x0000000002a197f4 method=com.sun.tools.javac.util.ArrayUtils.ensureCapacity([CI)[C @ 3
Event: 0.891 Thread 0x0000000002663000 Uncommon trap: reason=unstable_if action=reinterpret pc=0x00000000029f3848 method=com.sun.tools.javac.parser.UnicodeReader.scanChar()V @ 37
Event: 0.971 Thread 0x0000000002663000 Uncommon trap: reason=unstable_if action=reinterpret pc=0x0000000002a8dfcc method=sun.nio.cs.UTF_8$Decoder.decodeArrayLoop(Ljava/nio/ByteBuffer;Ljava/nio/CharBuffer;)Ljava/nio/charset/CoderResult; @ 84
Event: 1.103 Thread 0x0000000002663000 Uncommon trap: reason=unstable_if action=reinterpret pc=0x0000000002a8c7a4 method=com.sun.tools.javac.util.Position$LineMapImpl.build([CI)V @ 42
Event: 1.103 Thread 0x0000000002663000 Uncommon trap: reason=unstable_if action=reinterpret pc=0x0000000002a8a970 method=com.sun.tools.javac.util.Position$LineMapImpl.build([CI)V @ 42
Event: 1.163 Thread 0x0000000002663000 Uncommon trap: reason=class_check action=maybe_recompile pc=0x0000000002a66a48 method=com.sun.tools.javac.parser.Scanner.token(I)Lcom/sun/tools/javac/parser/Tokens$Token; @ 26
Event: 1.163 Thread 0x0000000002663000 Uncommon trap: reason=class_check action=maybe_recompile pc=0x0000000002a8363c method=com.sun.tools.javac.parser.Scanner.nextToken()V @ 31
Event: 1.347 Thread 0x0000000002663000 Uncommon trap: reason=unstable_if action=reinterpret pc=0x0000000002b32a64 method=com.sun.tools.javac.file.ZipFileIndex$Entry.compareTo(Lcom/sun/tools/javac/file/ZipFileIndex$Entry;)I @ 23
Event: 1.347 Thread 0x0000000002663000 Uncommon trap: reason=unstable_if action=reinterpret pc=0x0000000002b2e650 method=com.sun.tools.javac.file.ZipFileIndex$Entry.compareTo(Lcom/sun/tools/javac/file/ZipFileIndex$Entry;)I @ 23

Classes redefined (0 events):
No events

Internal exceptions (10 events):
Event: 0.038 Thread 0x0000000002663000 Exception <a 'java/lang/NoSuchMethodError': Method sun.misc.Unsafe.defineClass(Ljava/lang/String;[BII)Ljava/lang/Class; name or signature does not match> (0x00000000d6407cd8) thrown at [D:\j\worksp~1\openjd~3\jdk8u\hotspot\src\share\vm\prims\jni.cpp, line
Event: 0.039 Thread 0x0000000002663000 Exception <a 'java/lang/NoSuchMethodError': Method sun.misc.Unsafe.prefetchRead(Ljava/lang/Object;J)V name or signature does not match> (0x00000000d6407fc0) thrown at [D:\j\worksp~1\openjd~3\jdk8u\hotspot\src\share\vm\prims\jni.cpp, line 4012]
Event: 0.163 Thread 0x0000000002663000 Exception <a 'java/security/PrivilegedActionException'> (0x00000000d65763e8) thrown at [D:\j\worksp~1\openjd~3\jdk8u\hotspot\src\share\vm\prims\jvm.cpp, line 1508]
Event: 0.163 Thread 0x0000000002663000 Exception <a 'java/security/PrivilegedActionException'> (0x00000000d65767e0) thrown at [D:\j\worksp~1\openjd~3\jdk8u\hotspot\src\share\vm\prims\jvm.cpp, line 1508]
Event: 0.164 Thread 0x0000000002663000 Exception <a 'java/security/PrivilegedActionException'> (0x00000000d657ace8) thrown at [D:\j\worksp~1\openjd~3\jdk8u\hotspot\src\share\vm\prims\jvm.cpp, line 1508]
Event: 0.164 Thread 0x0000000002663000 Exception <a 'java/security/PrivilegedActionException'> (0x00000000d657b0e0) thrown at [D:\j\worksp~1\openjd~3\jdk8u\hotspot\src\share\vm\prims\jvm.cpp, line 1508]
Event: 0.164 Thread 0x0000000002663000 Exception <a 'java/security/PrivilegedActionException'> (0x00000000d657ca08) thrown at [D:\j\worksp~1\openjd~3\jdk8u\hotspot\src\share\vm\prims\jvm.cpp, line 1508]
Event: 0.164 Thread 0x0000000002663000 Exception <a 'java/security/PrivilegedActionException'> (0x00000000d657ce00) thrown at [D:\j\worksp~1\openjd~3\jdk8u\hotspot\src\share\vm\prims\jvm.cpp, line 1508]
Event: 0.171 Thread 0x0000000002663000 Exception <a 'java/security/PrivilegedActionException'> (0x00000000d6432f10) thrown at [D:\j\worksp~1\openjd~3\jdk8u\hotspot\src\share\vm\prims\jvm.cpp, line 1508]
Event: 0.172 Thread 0x0000000002663000 Exception <a 'java/security/PrivilegedActionException'> (0x00000000d6433308) thrown at [D:\j\worksp~1\openjd~3\jdk8u\hotspot\src\share\vm\prims\jvm.cpp, line 1508]

Events (10 events):
Event: 1.417 loading class com/sun/tools/javac/code/Scope$ImportScope$1
Event: 1.417 loading class com/sun/tools/javac/code/Scope$ImportScope$1 done
Event: 1.420 loading class com/sun/tools/javac/file/ZipFileIndexArchive$ZipFileIndexFileObject
Event: 1.420 loading class com/sun/tools/javac/file/ZipFileIndexArchive$ZipFileIndexFileObject done
Event: 1.422 loading class com/sun/tools/javac/jvm/ClassReader$25
Event: 1.422 loading class com/sun/tools/javac/jvm/ClassReader$25 done
Event: 1.423 loading class com/sun/tools/javac/code/TargetType
Event: 1.423 loading class com/sun/tools/javac/code/TargetType done
Event: 1.424 loading class javax/lang/model/SourceVersion
Event: 1.425 loading class javax/lang/model/SourceVersion done


Dynamic libraries:
0x00007ff7ac9b0000 - 0x00007ff7ac9b7000 	C:\Program Files\Android\Jdk\microsoft_dist_openjdk_1.8.0.25\bin\javac.exe
0x00007ff889000000 - 0x00007ff8891f0000 	C:\WINDOWS\SYSTEM32\ntdll.dll
0x00007ff8874f0000 - 0x00007ff8875a2000 	C:\WINDOWS\System32\KERNEL32.DLL
0x00007ff8863c0000 - 0x00007ff886663000 	C:\WINDOWS\System32\KERNELBASE.dll
0x00007ff86d020000 - 0x00007ff86d04f000 	C:\Program Files\Android\Jdk\microsoft_dist_openjdk_1.8.0.25\bin\jli.dll
0x0000000050110000 - 0x00000000501e1000 	C:\Program Files\Android\Jdk\microsoft_dist_openjdk_1.8.0.25\bin\MSVCR100.dll
0x00007ff8875b0000 - 0x00007ff887653000 	C:\WINDOWS\System32\ADVAPI32.dll
0x00007ff887830000 - 0x00007ff8878ce000 	C:\WINDOWS\System32\msvcrt.dll
0x00007ff8872b0000 - 0x00007ff887347000 	C:\WINDOWS\System32\sechost.dll
0x00007ff887350000 - 0x00007ff887470000 	C:\WINDOWS\System32\RPCRT4.dll
0x00007ff8879d0000 - 0x00007ff887b64000 	C:\WINDOWS\System32\USER32.dll
0x00007ff874760000 - 0x00007ff8749e5000 	C:\WINDOWS\WinSxS\amd64_microsoft.windows.common-controls_6595b64144ccf1df_6.0.18362.778_none_e6c6b761130d4fb8\COMCTL32.dll
0x00007ff886180000 - 0x00007ff8861a1000 	C:\WINDOWS\System32\win32u.dll
0x00007ff887ce0000 - 0x00007ff888016000 	C:\WINDOWS\System32\combase.dll
0x00007ff887b70000 - 0x00007ff887b96000 	C:\WINDOWS\System32\GDI32.dll
0x00007ff886210000 - 0x00007ff88630a000 	C:\WINDOWS\System32\ucrtbase.dll
0x00007ff885f90000 - 0x00007ff886124000 	C:\WINDOWS\System32\gdi32full.dll
0x00007ff886670000 - 0x00007ff8866f0000 	C:\WINDOWS\System32\bcryptPrimitives.dll
0x00007ff886710000 - 0x00007ff8867ae000 	C:\WINDOWS\System32\msvcp_win.dll
0x00007ff8886d0000 - 0x00007ff8886fe000 	C:\WINDOWS\System32\IMM32.DLL
0x00000000501f0000 - 0x00000000502c1000 	C:\Program Files\Android\Jdk\microsoft_dist_openjdk_1.8.0.25\jre\bin\msvcr100.dll
0x00000000773d0000 - 0x0000000077c15000 	C:\Program Files\Android\Jdk\microsoft_dist_openjdk_1.8.0.25\jre\bin\server\jvm.dll
0x00007ff888610000 - 0x00007ff888618000 	C:\WINDOWS\System32\PSAPI.DLL
0x00007ff882790000 - 0x00007ff8827b4000 	C:\WINDOWS\SYSTEM32\WINMM.dll
0x00007ff87bac0000 - 0x00007ff87baca000 	C:\WINDOWS\SYSTEM32\VERSION.dll
0x00007ff882760000 - 0x00007ff88278d000 	C:\WINDOWS\SYSTEM32\winmmbase.dll
0x00007ff872300000 - 0x00007ff872309000 	C:\WINDOWS\SYSTEM32\WSOCK32.dll
0x00007ff886130000 - 0x00007ff88617a000 	C:\WINDOWS\System32\cfgmgr32.dll
0x00007ff8878e0000 - 0x00007ff88794f000 	C:\WINDOWS\System32\WS2_32.dll
0x00007ff86d120000 - 0x00007ff86d12f000 	C:\Program Files\Android\Jdk\microsoft_dist_openjdk_1.8.0.25\jre\bin\verify.dll
0x00007ff86c570000 - 0x00007ff86c599000 	C:\Program Files\Android\Jdk\microsoft_dist_openjdk_1.8.0.25\jre\bin\java.dll
0x00007ff86ccd0000 - 0x00007ff86cce6000 	C:\Program Files\Android\Jdk\microsoft_dist_openjdk_1.8.0.25\jre\bin\zip.dll
0x00007ff888700000 - 0x00007ff888de5000 	C:\WINDOWS\System32\SHELL32.dll
0x00007ff888080000 - 0x00007ff888129000 	C:\WINDOWS\System32\shcore.dll
0x00007ff8867b0000 - 0x00007ff886f30000 	C:\WINDOWS\System32\windows.storage.dll
0x00007ff885f20000 - 0x00007ff885f43000 	C:\WINDOWS\System32\profapi.dll
0x00007ff885ed0000 - 0x00007ff885f1a000 	C:\WINDOWS\System32\powrprof.dll
0x00007ff885ec0000 - 0x00007ff885ed0000 	C:\WINDOWS\System32\UMPDC.dll
0x00007ff888020000 - 0x00007ff888072000 	C:\WINDOWS\System32\shlwapi.dll
0x00007ff885f70000 - 0x00007ff885f81000 	C:\WINDOWS\System32\kernel.appcore.dll
0x00007ff8866f0000 - 0x00007ff886707000 	C:\WINDOWS\System32\cryptsp.dll

VM Arguments:
jvm_args: -Dapplication.home=C:\Program Files\Android\Jdk\microsoft_dist_openjdk_1.8.0.25 -Xms8m -Dfile.encoding=UTF8 
java_command: com.sun.tools.javac.Main @C:\Users\ZEUS RENE\AppData\Local\Temp\tmpAD0A.tmp
java_class_path (initial): C:\Program Files\Android\Jdk\microsoft_dist_openjdk_1.8.0.25/lib/tools.jar;C:\Program Files\Android\Jdk\microsoft_dist_openjdk_1.8.0.25/classes
Launcher Type: SUN_STANDARD

Environment Variables:
JAVA_HOME=C:\Program Files\Android\Jdk\microsoft_dist_openjdk_1.8.0.25
PATH=C:\Program Files\Android\Jdk\microsoft_dist_openjdk_1.8.0.25\bin;C:\Program Files\Python38\Scripts\;C:\Program Files\Python38\;C:\Program Files\Microsoft MPI\Bin\;C:\WINDOWS\system32;C:\WINDOWS;C:\WINDOWS\System32\Wbem;C:\WINDOWS\System32\WindowsPowerShell\v1.0\;C:\WINDOWS\System32\OpenSSH\;C:\Program Files\dotnet\;C:\Program Files\Microsoft SQL Server\130\Tools\Binn\;C:\Program Files\Intel\WiFi\bin\;C:\Program Files\Common Files\Intel\WirelessCommon\;C:\Program Files\nodejs\;C:\Program Files\Microsoft SQL Server\Client SDK\ODBC\170\Tools\Binn\;C:\xampp\php;C:\ProgramData\ComposerSetup\bin;C:\Program Files\Git\cmd;C:\Program Files\Python38\Scripts\;C:\Program Files\Python38\;C:\Program Files\Microsoft MPI\Bin\;C:\WINDOWS\system32;C:\WINDOWS;C:\WINDOWS\System32\Wbem;C:\WINDOWS\System32\WindowsPowerShell\v1.0\;C:\WINDOWS\System32\OpenSSH\;C:\Program Files\dotnet\;C:\Program Files\Microsoft SQL Server\130\Tools\Binn\;C:\Program Files\Microsoft SQL Server\Client SDK\ODBC\170\Tools\Binn\;C:\Program Files\Intel\WiFi\bin\;C:\Program Files\Common Files\Intel\WirelessCommon\;C:\Users\ZEUS RENE\AppData\Local\Microsoft\WindowsApps;C:\Users\ZEUS RENE\AppData\Local\Programs\Microsoft VS Code\bin;C:\Users\ZEUS RENE\.dotnet\tools;C:\MinGW\bin;;C:\Users\ZEUS RENE\AppData\Local\Microsoft\WindowsApps;C:\Program Files\Intel\WiFi\bin\;C:\Program Files\Common Files\Intel\WirelessCommon\;C:\mingw-w64\x86_64-8.1.0-win32-seh-rt_v6-rev0\mingw64\bin.;C:\Users\ZEUS RENE\AppData\Roaming\npm;C:\Users\ZEUS RENE\AppData\Roaming\Composer\vendor\bin
USERNAME=ZEUS RENE
OS=Windows_NT
PROCESSOR_IDENTIFIER=Intel64 Family 6 Model 58 Stepping 9, GenuineIntel



---------------  S Y S T E M  ---------------

OS: Windows 10.0 , 64 bit Build 18362 (10.0.18362.778)

CPU:total 4 (initial active 4) (2 cores per cpu, 2 threads per core) family 6 model 58 stepping 9, cmov, cx8, fxsr, mmx, sse, sse2, sse3, ssse3, sse4.1, sse4.2, popcnt, avx, aes, clmul, erms, ht, tsc, tscinvbit, tscinv

Memory: 4k page, physical 8203804k(655312k free), swap 14262168k(5176k free)

vm_info: OpenJDK 64-Bit Server VM (25.71-b00) for windows-amd64 JRE (1.8.0-25-microsoft-b00), built on Feb  7 2019 20:09:14 by "builder" with MS VC++ 10.0 (VS2010)

time: Thu Apr 23 12:47:47 2020
timezone: Central Daylight Time (Mexico)
elapsed time: 1 seconds (0d 0h 0m 1s)

